2021-01-16 22:02:23.164+0000 INFO [o.n.k.i.f.CommunityEditionModule] No locking implementation specified, defaulting to 'community'
2021-01-16 22:02:23.309+0000 INFO [o.n.k.AvailabilityGuard] Requirement makes database unavailable: Database available
2021-01-16 22:02:23.320+0000 INFO [o.n.k.i.DiagnosticsManager] --- INITIALIZED diagnostics START ---
2021-01-16 22:02:23.320+0000 INFO [o.n.k.i.DiagnosticsManager] Neo4j Kernel properties:
2021-01-16 22:02:23.320+0000 INFO [o.n.k.i.DiagnosticsManager] dbms.connector.http.enabled=true
2021-01-16 22:02:23.320+0000 INFO [o.n.k.i.DiagnosticsManager] causal_clustering.discovery_listen_address=0.0.0.0:5000
2021-01-16 22:02:23.321+0000 INFO [o.n.k.i.DiagnosticsManager] dbms.security.auth_enabled=true
2021-01-16 22:02:23.321+0000 INFO [o.n.k.i.DiagnosticsManager] dbms.connector.http.listen_address=0.0.0.0:7474
2021-01-16 22:02:23.321+0000 INFO [o.n.k.i.DiagnosticsManager] unsupported.dbms.directories.neo4j_home=/var/lib/neo4j
2021-01-16 22:02:23.321+0000 INFO [o.n.k.i.DiagnosticsManager] causal_clustering.raft_advertised_address=34487e32f0d7:7000
2021-01-16 22:02:23.321+0000 INFO [o.n.k.i.DiagnosticsManager] dbms.directories.import=import
2021-01-16 22:02:23.321+0000 INFO [o.n.k.i.DiagnosticsManager] dbms.memory.heap.initial_size=512M
2021-01-16 22:02:23.321+0000 INFO [o.n.k.i.DiagnosticsManager] causal_clustering.raft_listen_address=0.0.0.0:7000
2021-01-16 22:02:23.321+0000 INFO [o.n.k.i.DiagnosticsManager] USERNAME=neo4j
2021-01-16 22:02:23.322+0000 INFO [o.n.k.i.DiagnosticsManager] ha.host.coordination=34487e32f0d7:5001
2021-01-16 22:02:23.322+0000 INFO [o.n.k.i.DiagnosticsManager] dbms.connector.https.enabled=true
2021-01-16 22:02:23.322+0000 INFO [o.n.k.i.DiagnosticsManager] dbms.jvm.additional=-Dunsupported.dbms.udc.source=tarball
2021-01-16 22:02:23.322+0000 INFO [o.n.k.i.DiagnosticsManager] dbms.tx_log.rotation.retention_policy=100M size
2021-01-16 22:02:23.322+0000 INFO [o.n.k.i.DiagnosticsManager] dbms.memory.heap.max_size=512M
2021-01-16 22:02:23.322+0000 INFO [o.n.k.i.DiagnosticsManager] dbms.connectors.default_listen_address=0.0.0.0
2021-01-16 22:02:23.322+0000 INFO [o.n.k.i.DiagnosticsManager] EDITION=community
2021-01-16 22:02:23.322+0000 INFO [o.n.k.i.DiagnosticsManager] dbms.windows_service_name=neo4j
2021-01-16 22:02:23.322+0000 INFO [o.n.k.i.DiagnosticsManager] dbms.connector.https.listen_address=0.0.0.0:7473
2021-01-16 22:02:23.322+0000 INFO [o.n.k.i.DiagnosticsManager] dbms.connector.bolt.listen_address=0.0.0.0:7687
2021-01-16 22:02:23.322+0000 INFO [o.n.k.i.DiagnosticsManager] causal_clustering.transaction_advertised_address=34487e32f0d7:6000
2021-01-16 22:02:23.323+0000 INFO [o.n.k.i.DiagnosticsManager] causal_clustering.discovery_advertised_address=34487e32f0d7:5000
2021-01-16 22:02:23.323+0000 INFO [o.n.k.i.DiagnosticsManager] dbms.memory.pagecache.size=512M
2021-01-16 22:02:23.323+0000 INFO [o.n.k.i.DiagnosticsManager] ha.host.data=34487e32f0d7:6001
2021-01-16 22:02:23.323+0000 INFO [o.n.k.i.DiagnosticsManager] unsupported.dbms.edition=community
2021-01-16 22:02:23.323+0000 INFO [o.n.k.i.DiagnosticsManager] dbms.directories.logs=/logs
2021-01-16 22:02:23.324+0000 INFO [o.n.k.i.DiagnosticsManager] dbms.connector.bolt.enabled=true
2021-01-16 22:02:23.324+0000 INFO [o.n.k.i.DiagnosticsManager] causal_clustering.transaction_listen_address=0.0.0.0:6000
2021-01-16 22:02:23.324+0000 INFO [o.n.k.i.DiagnosticsManager] wrapper.java.additional=-Dneo4j.ext.udc.source=docker
2021-01-16 22:02:23.324+0000 INFO [o.n.k.i.DiagnosticsManager] Diagnostics providers:
2021-01-16 22:02:23.324+0000 INFO [o.n.k.i.DiagnosticsManager] org.neo4j.kernel.configuration.Config
2021-01-16 22:02:23.324+0000 INFO [o.n.k.i.DiagnosticsManager] org.neo4j.kernel.info.DiagnosticsManager
2021-01-16 22:02:23.324+0000 INFO [o.n.k.i.DiagnosticsManager] SYSTEM_MEMORY
2021-01-16 22:02:23.324+0000 INFO [o.n.k.i.DiagnosticsManager] JAVA_MEMORY
2021-01-16 22:02:23.324+0000 INFO [o.n.k.i.DiagnosticsManager] OPERATING_SYSTEM
2021-01-16 22:02:23.324+0000 INFO [o.n.k.i.DiagnosticsManager] JAVA_VIRTUAL_MACHINE
2021-01-16 22:02:23.324+0000 INFO [o.n.k.i.DiagnosticsManager] CLASSPATH
2021-01-16 22:02:23.325+0000 INFO [o.n.k.i.DiagnosticsManager] LIBRARY_PATH
2021-01-16 22:02:23.325+0000 INFO [o.n.k.i.DiagnosticsManager] SYSTEM_PROPERTIES
2021-01-16 22:02:23.325+0000 INFO [o.n.k.i.DiagnosticsManager] TIMEZONE_DATABASE
2021-01-16 22:02:23.325+0000 INFO [o.n.k.i.DiagnosticsManager] LINUX_SCHEDULERS
2021-01-16 22:02:23.325+0000 INFO [o.n.k.i.DiagnosticsManager] NETWORK
2021-01-16 22:02:23.325+0000 INFO [o.n.k.i.DiagnosticsManager] System memory information:
2021-01-16 22:02:23.338+0000 INFO [o.n.k.i.DiagnosticsManager] Total Physical memory: 12.44 GB
2021-01-16 22:02:23.338+0000 INFO [o.n.k.i.DiagnosticsManager] Free Physical memory: 10.06 GB
2021-01-16 22:02:23.338+0000 INFO [o.n.k.i.DiagnosticsManager] Committed virtual memory: 1.99 GB
2021-01-16 22:02:23.338+0000 INFO [o.n.k.i.DiagnosticsManager] Total swap space: 4.00 GB
2021-01-16 22:02:23.338+0000 INFO [o.n.k.i.DiagnosticsManager] Free swap space: 4.00 GB
2021-01-16 22:02:23.338+0000 INFO [o.n.k.i.DiagnosticsManager] JVM memory information:
2021-01-16 22:02:23.338+0000 INFO [o.n.k.i.DiagnosticsManager] Free  memory: 477.68 MB
2021-01-16 22:02:23.338+0000 INFO [o.n.k.i.DiagnosticsManager] Total memory: 512.00 MB
2021-01-16 22:02:23.339+0000 INFO [o.n.k.i.DiagnosticsManager] Max   memory: 512.00 MB
2021-01-16 22:02:23.340+0000 INFO [o.n.k.i.DiagnosticsManager] Garbage Collector: G1 Young Generation: [G1 Eden Space, G1 Survivor Space, G1 Old Gen]
2021-01-16 22:02:23.340+0000 INFO [o.n.k.i.DiagnosticsManager] Garbage Collector: G1 Old Generation: [G1 Eden Space, G1 Survivor Space, G1 Old Gen]
2021-01-16 22:02:23.340+0000 INFO [o.n.k.i.DiagnosticsManager] Memory Pool: Code Cache (Non-heap memory): committed=7.81 MB, used=7.74 MB, max=240.00 MB, threshold=0.00 B
2021-01-16 22:02:23.341+0000 INFO [o.n.k.i.DiagnosticsManager] Memory Pool: Metaspace (Non-heap memory): committed=16.63 MB, used=15.61 MB, max=-1.00 B, threshold=0.00 B
2021-01-16 22:02:23.341+0000 INFO [o.n.k.i.DiagnosticsManager] Memory Pool: Compressed Class Space (Non-heap memory): committed=2.13 MB, used=1.89 MB, max=1.00 GB, threshold=0.00 B
2021-01-16 22:02:23.341+0000 INFO [o.n.k.i.DiagnosticsManager] Memory Pool: G1 Eden Space (Heap memory): committed=319.00 MB, used=17.00 MB, max=-1.00 B, threshold=?
2021-01-16 22:02:23.341+0000 INFO [o.n.k.i.DiagnosticsManager] Memory Pool: G1 Survivor Space (Heap memory): committed=4.00 MB, used=4.00 MB, max=-1.00 B, threshold=?
2021-01-16 22:02:23.341+0000 INFO [o.n.k.i.DiagnosticsManager] Memory Pool: G1 Old Gen (Heap memory): committed=189.00 MB, used=12.82 MB, max=512.00 MB, threshold=0.00 B
2021-01-16 22:02:23.341+0000 INFO [o.n.k.i.DiagnosticsManager] Operating system information:
2021-01-16 22:02:23.341+0000 INFO [o.n.k.i.DiagnosticsManager] Operating System: Linux; version: 4.19.128-microsoft-standard; arch: amd64; cpus: 16
2021-01-16 22:02:23.342+0000 INFO [o.n.k.i.DiagnosticsManager] Max number of file descriptors: 1048576
2021-01-16 22:02:23.342+0000 INFO [o.n.k.i.DiagnosticsManager] Number of open file descriptors: 113
2021-01-16 22:02:23.343+0000 INFO [o.n.k.i.DiagnosticsManager] Process id: 7@34487e32f0d7
2021-01-16 22:02:23.343+0000 INFO [o.n.k.i.DiagnosticsManager] Byte order: LITTLE_ENDIAN
2021-01-16 22:02:23.346+0000 INFO [o.n.k.i.DiagnosticsManager] Local timezone: GMT
2021-01-16 22:02:23.346+0000 INFO [o.n.k.i.DiagnosticsManager] JVM information:
2021-01-16 22:02:23.346+0000 INFO [o.n.k.i.DiagnosticsManager] VM Name: OpenJDK 64-Bit Server VM
2021-01-16 22:02:23.346+0000 INFO [o.n.k.i.DiagnosticsManager] VM Vendor: IcedTea
2021-01-16 22:02:23.346+0000 INFO [o.n.k.i.DiagnosticsManager] VM Version: 25.212-b04
2021-01-16 22:02:23.347+0000 INFO [o.n.k.i.DiagnosticsManager] JIT compiler: HotSpot 64-Bit Tiered Compilers
2021-01-16 22:02:23.347+0000 INFO [o.n.k.i.DiagnosticsManager] VM Arguments: [-Xms512M, -Xmx512M, -XX:+UseG1GC, -XX:-OmitStackTraceInFastThrow, -XX:+AlwaysPreTouch, -XX:+UnlockExperimentalVMOptions, -XX:+TrustFinalNonStaticFields, -XX:+DisableExplicitGC, -Djdk.tls.ephemeralDHKeySize=2048, -Djdk.tls.rejectClientInitiatedRenegotiation=true, -Dunsupported.dbms.udc.source=tarball, -Dfile.encoding=UTF-8]
2021-01-16 22:02:23.347+0000 INFO [o.n.k.i.DiagnosticsManager] Java classpath:
2021-01-16 22:02:23.348+0000 INFO [o.n.k.i.DiagnosticsManager]  [classpath + loader.0] file:/var/lib/neo4j/lib/neo4j-primitive-collections-3.4.9.jar
2021-01-16 22:02:23.349+0000 INFO [o.n.k.i.DiagnosticsManager]  [classpath + loader.0] file:/var/lib/neo4j/lib/neo4j-cypher-logical-plans-3.3-3.3.7.jar
2021-01-16 22:02:23.349+0000 INFO [o.n.k.i.DiagnosticsManager]  [classpath + loader.0] file:/var/lib/neo4j/lib/jackson-core-asl-1.9.13.jar
2021-01-16 22:02:23.349+0000 INFO [o.n.k.i.DiagnosticsManager]  [classpath + loader.0] file:/var/lib/neo4j/lib/neo4j-csv-3.4.9.jar
2021-01-16 22:02:23.349+0000 INFO [o.n.k.i.DiagnosticsManager]  [loader.1] file:/usr/lib/jvm/java-1.8-openjdk/jre/lib/ext/jaccess.jar
2021-01-16 22:02:23.349+0000 INFO [o.n.k.i.DiagnosticsManager]  [classpath + loader.0] file:/var/lib/neo4j/lib/neo4j-kernel-api-3.4.9.jar
2021-01-16 22:02:23.349+0000 INFO [o.n.k.i.DiagnosticsManager]  [classpath + loader.0] file:/var/lib/neo4j/lib/neo4j-cypher-compiler-3.3-3.3.7.jar
2021-01-16 22:02:23.349+0000 INFO [o.n.k.i.DiagnosticsManager]  [classpath + loader.0] file:/var/lib/neo4j/lib/concurrentlinkedhashmap-lru-1.4.2.jar
2021-01-16 22:02:23.349+0000 INFO [o.n.k.i.DiagnosticsManager]  [classpath + loader.0] file:/var/lib/neo4j/lib/neo4j-consistency-check-3.4.9.jar
2021-01-16 22:02:23.349+0000 INFO [o.n.k.i.DiagnosticsManager]  [classpath + loader.0] file:/var/lib/neo4j/lib/jPowerShell-1.9.jar
2021-01-16 22:02:23.349+0000 INFO [o.n.k.i.DiagnosticsManager]  [classpath + loader.0] file:/var/lib/neo4j/lib/neo4j-spatial-index-3.4.9.jar
2021-01-16 22:02:23.349+0000 INFO [o.n.k.i.DiagnosticsManager]  [classpath + loader.0] file:/var/lib/neo4j/lib/server-api-3.4.9.jar
2021-01-16 22:02:23.349+0000 INFO [o.n.k.i.DiagnosticsManager]  [classpath + loader.0] file:/var/lib/neo4j/lib/neo4j-procedure-api-3.4.9.jar
2021-01-16 22:02:23.349+0000 INFO [o.n.k.i.DiagnosticsManager]  [classpath + loader.0] file:/var/lib/neo4j/lib/neo4j-cypher-logical-plans-3.4-3.4.9.jar
2021-01-16 22:02:23.350+0000 INFO [o.n.k.i.DiagnosticsManager]  [classpath + loader.0] file:/var/lib/neo4j/lib/neo4j-graphdb-api-3.4.9.jar
2021-01-16 22:02:23.350+0000 INFO [o.n.k.i.DiagnosticsManager]  [classpath + loader.0] file:/var/lib/neo4j/lib/jersey-server-1.19.3.jar
2021-01-16 22:02:23.350+0000 INFO [o.n.k.i.DiagnosticsManager]  [classpath + loader.0] file:/var/lib/neo4j/lib/neo4j-codegen-3.4.9.jar
2021-01-16 22:02:23.350+0000 INFO [o.n.k.i.DiagnosticsManager]  [classpath + loader.0] file:/var/lib/neo4j/lib/neo4j-cypher-runtime-util-3.4.9.jar
2021-01-16 22:02:23.350+0000 INFO [o.n.k.i.DiagnosticsManager]  [bootstrap] /usr/lib/jvm/java-1.8-openjdk/jre/lib/jce.jar
2021-01-16 22:02:23.350+0000 INFO [o.n.k.i.DiagnosticsManager]  [classpath + loader.0] file:/var/lib/neo4j/lib/commons-compress-1.16.1.jar
2021-01-16 22:02:23.350+0000 INFO [o.n.k.i.DiagnosticsManager]  [classpath + loader.0] file:/var/lib/neo4j/lib/neo4j-resource-3.4.9.jar
2021-01-16 22:02:23.350+0000 INFO [o.n.k.i.DiagnosticsManager]  [classpath + loader.0] file:/var/lib/neo4j/lib/neo4j-configuration-3.4.9.jar
2021-01-16 22:02:23.350+0000 INFO [o.n.k.i.DiagnosticsManager]  [classpath + loader.0] file:/var/lib/neo4j/lib/neo4j-lucene-index-3.4.9.jar
2021-01-16 22:02:23.350+0000 INFO [o.n.k.i.DiagnosticsManager]  [classpath + loader.0] file:/var/lib/neo4j/lib/commons-io-2.6.jar
2021-01-16 22:02:23.350+0000 INFO [o.n.k.i.DiagnosticsManager]  [classpath + loader.0] file:/var/lib/neo4j/lib/jetty-util-9.4.11.v20180605.jar
2021-01-16 22:02:23.350+0000 INFO [o.n.k.i.DiagnosticsManager]  [classpath + loader.0] file:/var/lib/neo4j/lib/neo4j-io-3.4.9.jar
2021-01-16 22:02:23.350+0000 INFO [o.n.k.i.DiagnosticsManager]  [classpath + loader.0] file:/var/lib/neo4j/lib/jersey-core-1.19.3.jar
2021-01-16 22:02:23.350+0000 INFO [o.n.k.i.DiagnosticsManager]  [classpath + loader.0] file:/var/lib/neo4j/lib/commons-lang3-3.7.jar
2021-01-16 22:02:23.350+0000 INFO [o.n.k.i.DiagnosticsManager]  [classpath + loader.0] file:/var/lib/neo4j/lib/commons-configuration-1.10.jar
2021-01-16 22:02:23.350+0000 INFO [o.n.k.i.DiagnosticsManager]  [classpath + loader.0] file:/var/lib/neo4j/lib/neo4j-browser-3.2.10.jar
2021-01-16 22:02:23.350+0000 INFO [o.n.k.i.DiagnosticsManager]  [loader.1] file:/usr/lib/jvm/java-1.8-openjdk/jre/lib/ext/sunec.jar
2021-01-16 22:02:23.350+0000 INFO [o.n.k.i.DiagnosticsManager]  [classpath + loader.0] file:/var/lib/neo4j/lib/neo4j-command-line-3.4.9.jar
2021-01-16 22:02:23.350+0000 INFO [o.n.k.i.DiagnosticsManager]  [classpath + loader.0] file:/var/lib/neo4j/lib/neo4j-cypher-interpreted-runtime-3.4.9.jar
2021-01-16 22:02:23.350+0000 INFO [o.n.k.i.DiagnosticsManager]  [classpath + loader.0] file:/var/lib/neo4j/lib/jersey-servlet-1.19.3.jar
2021-01-16 22:02:23.350+0000 INFO [o.n.k.i.DiagnosticsManager]  [classpath + loader.0] file:/var/lib/neo4j/lib/commons-text-1.3.jar
2021-01-16 22:02:23.350+0000 INFO [o.n.k.i.DiagnosticsManager]  [classpath + loader.0] file:/var/lib/neo4j/lib/neo4j-cypher-ir-3.3-3.3.7.jar
2021-01-16 22:02:23.350+0000 INFO [o.n.k.i.DiagnosticsManager]  [classpath + loader.0] file:/var/lib/neo4j/lib/neo4j-unsafe-3.4.9.jar
2021-01-16 22:02:23.350+0000 INFO [o.n.k.i.DiagnosticsManager]  [classpath + loader.0] file:/var/lib/neo4j/lib/neo4j-cypher-frontend-3.3-3.3.7.jar
2021-01-16 22:02:23.350+0000 INFO [o.n.k.i.DiagnosticsManager]  [classpath + loader.0] file:/var/lib/neo4j/lib/scala-library-2.11.12.jar
2021-01-16 22:02:23.350+0000 INFO [o.n.k.i.DiagnosticsManager]  [bootstrap] /usr/lib/jvm/java-1.8-openjdk/jre/classes
2021-01-16 22:02:23.351+0000 INFO [o.n.k.i.DiagnosticsManager]  [classpath + loader.0] file:/var/lib/neo4j/lib/neo4j-graph-algo-3.4.9.jar
2021-01-16 22:02:23.351+0000 INFO [o.n.k.i.DiagnosticsManager]  [classpath + loader.0] file:/var/lib/neo4j/lib/neo4j-dbms-3.4.9.jar
2021-01-16 22:02:23.351+0000 INFO [o.n.k.i.DiagnosticsManager]  [classpath + loader.0] file:/var/lib/neo4j/lib/neo4j-cypher-ir-3.4-3.4.9.jar
2021-01-16 22:02:23.351+0000 INFO [o.n.k.i.DiagnosticsManager]  [classpath + loader.0] file:/var/lib/neo4j/lib/jetty-security-9.4.11.v20180605.jar
2021-01-16 22:02:23.351+0000 INFO [o.n.k.i.DiagnosticsManager]  [classpath + loader.0] file:/var/lib/neo4j/lib/jetty-servlet-9.4.11.v20180605.jar
2021-01-16 22:02:23.351+0000 INFO [o.n.k.i.DiagnosticsManager]  [classpath + loader.0] file:/var/lib/neo4j/lib/javax.servlet-api-3.1.0.jar
2021-01-16 22:02:23.351+0000 INFO [o.n.k.i.DiagnosticsManager]  [bootstrap] /usr/lib/jvm/java-1.8-openjdk/jre/lib/rt.jar
2021-01-16 22:02:23.351+0000 INFO [o.n.k.i.DiagnosticsManager]  [classpath + loader.0] file:/var/lib/neo4j/lib/neo4j-values-3.4.9.jar
2021-01-16 22:02:23.351+0000 INFO [o.n.k.i.DiagnosticsManager]  [loader.1] file:/usr/lib/jvm/java-1.8-openjdk/jre/lib/ext/localedata.jar
2021-01-16 22:02:23.351+0000 INFO [o.n.k.i.DiagnosticsManager]  [classpath + loader.0] file:/var/lib/neo4j/lib/neo4j-bolt-3.4.9.jar
2021-01-16 22:02:23.351+0000 INFO [o.n.k.i.DiagnosticsManager]  [classpath + loader.0] file:/var/lib/neo4j/lib/jProcesses-1.6.4.jar
2021-01-16 22:02:23.351+0000 INFO [o.n.k.i.DiagnosticsManager]  [classpath + loader.0] file:/var/lib/neo4j/lib/neo4j-cypher-compiler-2.3-2.3.12.jar
2021-01-16 22:02:23.351+0000 INFO [o.n.k.i.DiagnosticsManager]  [classpath + loader.0] file:/var/lib/neo4j/lib/neo4j-kernel-3.4.9.jar
2021-01-16 22:02:23.351+0000 INFO [o.n.k.i.DiagnosticsManager]  [classpath + loader.0] file:/var/lib/neo4j/lib/neo4j-ssl-3.4.9.jar
2021-01-16 22:02:23.351+0000 INFO [o.n.k.i.DiagnosticsManager]  [classpath + loader.0] file:/var/lib/neo4j/lib/scala-reflect-2.11.12.jar
2021-01-16 22:02:23.351+0000 INFO [o.n.k.i.DiagnosticsManager]  [classpath + loader.0] file:/var/lib/neo4j/plugins/
2021-01-16 22:02:23.351+0000 INFO [o.n.k.i.DiagnosticsManager]  [classpath + loader.0] file:/var/lib/neo4j/lib/neo4j-lucene-upgrade-3.4.9.jar
2021-01-16 22:02:23.351+0000 INFO [o.n.k.i.DiagnosticsManager]  [loader.1] file:/usr/lib/jvm/java-1.8-openjdk/jre/lib/ext/sunjce_provider.jar
2021-01-16 22:02:23.351+0000 INFO [o.n.k.i.DiagnosticsManager]  [classpath + loader.0] file:/var/lib/neo4j/lib/commons-lang-2.6.jar
2021-01-16 22:02:23.351+0000 INFO [o.n.k.i.DiagnosticsManager]  [classpath + loader.0] file:/var/lib/neo4j/lib/lucene-core-5.5.5.jar
2021-01-16 22:02:23.352+0000 INFO [o.n.k.i.DiagnosticsManager]  [classpath + loader.0] file:/var/lib/neo4j/lib/neo4j-common-3.4.9.jar
2021-01-16 22:02:23.352+0000 INFO [o.n.k.i.DiagnosticsManager]  [classpath + loader.0] file:/var/lib/neo4j/lib/lucene-codecs-5.5.5.jar
2021-01-16 22:02:23.352+0000 INFO [o.n.k.i.DiagnosticsManager]  [classpath + loader.0] file:/var/lib/neo4j/lib/rhino-1.7.9.jar
2021-01-16 22:02:23.352+0000 INFO [o.n.k.i.DiagnosticsManager]  [classpath + loader.0] file:/var/lib/neo4j/lib/neo4j-cypher-planner-3.4-3.4.9.jar
2021-01-16 22:02:23.352+0000 INFO [o.n.k.i.DiagnosticsManager]  [classpath + loader.0] file:/var/lib/neo4j/lib/neo4j-index-3.4.9.jar
2021-01-16 22:02:23.352+0000 INFO [o.n.k.i.DiagnosticsManager]  [loader.1] file:/usr/lib/jvm/java-1.8-openjdk/jre/lib/ext/nashorn.jar
2021-01-16 22:02:23.352+0000 INFO [o.n.k.i.DiagnosticsManager]  [classpath + loader.0] file:/var/lib/neo4j/lib/neo4j-cypher-compiler-3.1-3.1.9.jar
2021-01-16 22:02:23.352+0000 INFO [o.n.k.i.DiagnosticsManager]  [loader.1] file:/usr/lib/jvm/java-1.8-openjdk/jre/lib/ext/dnsns.jar
2021-01-16 22:02:23.352+0000 INFO [o.n.k.i.DiagnosticsManager]  [bootstrap] /usr/lib/jvm/java-1.8-openjdk/jre/lib/jfr.jar
2021-01-16 22:02:23.352+0000 INFO [o.n.k.i.DiagnosticsManager]  [classpath + loader.0] file:/var/lib/neo4j/lib/jline-2.12.jar
2021-01-16 22:02:23.352+0000 INFO [o.n.k.i.DiagnosticsManager]  [classpath + loader.0] file:/var/lib/neo4j/lib/neo4j-security-3.4.9.jar
2021-01-16 22:02:23.352+0000 INFO [o.n.k.i.DiagnosticsManager]  [classpath + loader.0] file:/var/lib/neo4j/lib/neo4j-import-tool-3.4.9.jar
2021-01-16 22:02:23.352+0000 INFO [o.n.k.i.DiagnosticsManager]  [classpath + loader.0] file:/var/lib/neo4j/conf/
2021-01-16 22:02:23.352+0000 INFO [o.n.k.i.DiagnosticsManager]  [loader.1] file:/usr/lib/jvm/java-1.8-openjdk/jre/lib/ext/sunpkcs11.jar
2021-01-16 22:02:23.352+0000 INFO [o.n.k.i.DiagnosticsManager]  [classpath + loader.0] file:/var/lib/neo4j/lib/jetty-webapp-9.4.11.v20180605.jar
2021-01-16 22:02:23.352+0000 INFO [o.n.k.i.DiagnosticsManager]  [classpath + loader.0] file:/var/lib/neo4j/lib/neo4j-cypher-expression-3.4-3.4.9.jar
2021-01-16 22:02:23.352+0000 INFO [o.n.k.i.DiagnosticsManager]  [classpath + loader.0] file:/var/lib/neo4j/lib/opencsv-2.3.jar
2021-01-16 22:02:23.352+0000 INFO [o.n.k.i.DiagnosticsManager]  [classpath + loader.0] file:/var/lib/neo4j/lib/neo4j-jmx-3.4.9.jar
2021-01-16 22:02:23.352+0000 INFO [o.n.k.i.DiagnosticsManager]  [classpath + loader.0] file:/var/lib/neo4j/lib/parboiled-scala_2.11-1.1.7.jar
2021-01-16 22:02:23.352+0000 INFO [o.n.k.i.DiagnosticsManager]  [classpath + loader.0] file:/var/lib/neo4j/lib/neo4j-udc-3.4.9.jar
2021-01-16 22:02:23.352+0000 INFO [o.n.k.i.DiagnosticsManager]  [classpath + loader.0] file:/var/lib/neo4j/lib/neo4j-cypher-planner-spi-3.4-3.4.9.jar
2021-01-16 22:02:23.352+0000 INFO [o.n.k.i.DiagnosticsManager]  [classpath + loader.0] file:/var/lib/neo4j/lib/jetty-server-9.4.11.v20180605.jar
2021-01-16 22:02:23.352+0000 INFO [o.n.k.i.DiagnosticsManager]  [classpath + loader.0] file:/var/lib/neo4j/lib/neo4j-shell-3.4.9.jar
2021-01-16 22:02:23.352+0000 INFO [o.n.k.i.DiagnosticsManager]  [bootstrap] /usr/lib/jvm/java-1.8-openjdk/jre/lib/resources.jar
2021-01-16 22:02:23.352+0000 INFO [o.n.k.i.DiagnosticsManager]  [bootstrap] /usr/lib/jvm/java-1.8-openjdk/jre/lib/charsets.jar
2021-01-16 22:02:23.352+0000 INFO [o.n.k.i.DiagnosticsManager]  [classpath + loader.0] file:/var/lib/neo4j/lib/neo4j-logging-3.4.9.jar
2021-01-16 22:02:23.352+0000 INFO [o.n.k.i.DiagnosticsManager]  [classpath + loader.0] file:/var/lib/neo4j/lib/jetty-http-9.4.11.v20180605.jar
2021-01-16 22:02:23.352+0000 INFO [o.n.k.i.DiagnosticsManager]  [classpath + loader.0] file:/var/lib/neo4j/lib/jackson-mapper-asl-1.9.13.jar
2021-01-16 22:02:23.352+0000 INFO [o.n.k.i.DiagnosticsManager]  [classpath + loader.0] file:/var/lib/neo4j/lib/openCypher-frontend-1-3.4.9.jar
2021-01-16 22:02:23.352+0000 INFO [o.n.k.i.DiagnosticsManager]  [classpath + loader.0] file:/var/lib/neo4j/lib/neo4j-collections-3.4.9.jar
2021-01-16 22:02:23.352+0000 INFO [o.n.k.i.DiagnosticsManager]  [classpath + loader.0] file:/var/lib/neo4j/lib/caffeine-2.6.2.jar
2021-01-16 22:02:23.352+0000 INFO [o.n.k.i.DiagnosticsManager]  [classpath + loader.0] file:/var/lib/neo4j/lib/lucene-queryparser-5.5.5.jar
2021-01-16 22:02:23.352+0000 INFO [o.n.k.i.DiagnosticsManager]  [classpath + loader.0] file:/var/lib/neo4j/lib/bcprov-jdk15on-1.60.jar
2021-01-16 22:02:23.352+0000 INFO [o.n.k.i.DiagnosticsManager]  [classpath + loader.0] file:/var/lib/neo4j/lib/jackson-jaxrs-1.9.13.jar
2021-01-16 22:02:23.352+0000 INFO [o.n.k.i.DiagnosticsManager]  [loader.1] file:/usr/lib/jvm/java-1.8-openjdk/jre/lib/ext/zipfs.jar
2021-01-16 22:02:23.353+0000 INFO [o.n.k.i.DiagnosticsManager]  [classpath + loader.0] file:/var/lib/neo4j/lib/neo4j-cypher-util-3.4-3.4.9.jar
2021-01-16 22:02:23.353+0000 INFO [o.n.k.i.DiagnosticsManager]  [classpath + loader.0] file:/var/lib/neo4j/lib/neo4j-cypher-frontend-3.1-3.1.9.jar
2021-01-16 22:02:23.353+0000 INFO [o.n.k.i.DiagnosticsManager]  [classpath + loader.0] file:/var/lib/neo4j/lib/WMI4Java-1.6.1.jar
2021-01-16 22:02:23.353+0000 INFO [o.n.k.i.DiagnosticsManager]  [classpath + loader.0] file:/var/lib/neo4j/plugins/*
2021-01-16 22:02:23.353+0000 INFO [o.n.k.i.DiagnosticsManager]  [loader.1] file:/usr/lib/jvm/java-1.8-openjdk/jre/lib/ext/cldrdata.jar
2021-01-16 22:02:23.353+0000 INFO [o.n.k.i.DiagnosticsManager]  [classpath + loader.0] file:/var/lib/neo4j/lib/jsr311-api-1.1.2.r612.jar
2021-01-16 22:02:23.353+0000 INFO [o.n.k.i.DiagnosticsManager]  [classpath + loader.0] file:/var/lib/neo4j/lib/jetty-xml-9.4.11.v20180605.jar
2021-01-16 22:02:23.353+0000 INFO [o.n.k.i.DiagnosticsManager]  [classpath + loader.0] file:/var/lib/neo4j/lib/neo4j-cypher-frontend-2.3-2.3.12.jar
2021-01-16 22:02:23.353+0000 INFO [o.n.k.i.DiagnosticsManager]  [classpath + loader.0] file:/var/lib/neo4j/lib/lucene-analyzers-common-5.5.5.jar
2021-01-16 22:02:23.353+0000 INFO [o.n.k.i.DiagnosticsManager]  [bootstrap] /usr/lib/jvm/java-1.8-openjdk/jre/lib/jsse.jar
2021-01-16 22:02:23.353+0000 INFO [o.n.k.i.DiagnosticsManager]  [classpath + loader.0] file:/var/lib/neo4j/lib/neo4j-cypher-3.4.9.jar
2021-01-16 22:02:23.353+0000 INFO [o.n.k.i.DiagnosticsManager]  [bootstrap] /usr/lib/jvm/java-1.8-openjdk/jre/lib/sunrsasign.jar
2021-01-16 22:02:23.353+0000 INFO [o.n.k.i.DiagnosticsManager]  [classpath + loader.0] file:/var/lib/neo4j/lib/bcpkix-jdk15on-1.60.jar
2021-01-16 22:02:23.353+0000 INFO [o.n.k.i.DiagnosticsManager]  [classpath + loader.0] file:/var/lib/neo4j/lib/commons-logging-1.1.1.jar
2021-01-16 22:02:23.353+0000 INFO [o.n.k.i.DiagnosticsManager]  [classpath + loader.0] file:/var/lib/neo4j/lib/jetty-io-9.4.11.v20180605.jar
2021-01-16 22:02:23.353+0000 INFO [o.n.k.i.DiagnosticsManager]  [classpath + loader.0] file:/var/lib/neo4j/lib/neo4j-server-3.4.9.jar
2021-01-16 22:02:23.353+0000 INFO [o.n.k.i.DiagnosticsManager]  [classpath + loader.0] file:/var/lib/neo4j/lib/neo4j-graph-matching-3.1.9.jar
2021-01-16 22:02:23.353+0000 INFO [o.n.k.i.DiagnosticsManager]  [classpath + loader.0] file:/var/lib/neo4j/lib/parboiled-core-1.1.7.jar
2021-01-16 22:02:23.354+0000 INFO [o.n.k.i.DiagnosticsManager]  [classpath + loader.0] file:/var/lib/neo4j/lib/netty-all-4.1.24.Final.jar
2021-01-16 22:02:23.354+0000 INFO [o.n.k.i.DiagnosticsManager] Library path:
2021-01-16 22:02:23.354+0000 INFO [o.n.k.i.DiagnosticsManager] /usr/lib/jvm/java-1.8-openjdk/jre/lib/amd64/server
2021-01-16 22:02:23.354+0000 INFO [o.n.k.i.DiagnosticsManager] /usr/lib/jvm/java-1.8-openjdk/jre/lib/amd64
2021-01-16 22:02:23.354+0000 INFO [o.n.k.i.DiagnosticsManager] /usr/lib/jvm/java-1.8-openjdk/lib/amd64
2021-01-16 22:02:23.354+0000 INFO [o.n.k.i.DiagnosticsManager] /usr/java/packages/lib/amd64
2021-01-16 22:02:23.354+0000 INFO [o.n.k.i.DiagnosticsManager] /usr/lib64
2021-01-16 22:02:23.354+0000 INFO [o.n.k.i.DiagnosticsManager] /lib64
2021-01-16 22:02:23.354+0000 INFO [o.n.k.i.DiagnosticsManager] /lib
2021-01-16 22:02:23.354+0000 INFO [o.n.k.i.DiagnosticsManager] /usr/lib
2021-01-16 22:02:23.354+0000 INFO [o.n.k.i.DiagnosticsManager] System.properties:
2021-01-16 22:02:23.355+0000 INFO [o.n.k.i.DiagnosticsManager] sun.boot.library.path = /usr/lib/jvm/java-1.8-openjdk/jre/lib/amd64
2021-01-16 22:02:23.355+0000 INFO [o.n.k.i.DiagnosticsManager] jdk.tls.rejectClientInitiatedRenegotiation = true
2021-01-16 22:02:23.355+0000 INFO [o.n.k.i.DiagnosticsManager] path.separator = :
2021-01-16 22:02:23.355+0000 INFO [o.n.k.i.DiagnosticsManager] file.encoding.pkg = sun.io
2021-01-16 22:02:23.355+0000 INFO [o.n.k.i.DiagnosticsManager] user.country = US
2021-01-16 22:02:23.355+0000 INFO [o.n.k.i.DiagnosticsManager] sun.java.launcher = SUN_STANDARD
2021-01-16 22:02:23.355+0000 INFO [o.n.k.i.DiagnosticsManager] sun.os.patch.level = unknown
2021-01-16 22:02:23.355+0000 INFO [o.n.k.i.DiagnosticsManager] user.dir = /var/lib/neo4j
2021-01-16 22:02:23.355+0000 INFO [o.n.k.i.DiagnosticsManager] sun.jnu.encoding = UTF-8
2021-01-16 22:02:23.355+0000 INFO [o.n.k.i.DiagnosticsManager] unsupported.dbms.udc.source = tarball
2021-01-16 22:02:23.355+0000 INFO [o.n.k.i.DiagnosticsManager] sun.management.compiler = HotSpot 64-Bit Tiered Compilers
2021-01-16 22:02:23.355+0000 INFO [o.n.k.i.DiagnosticsManager] user.home = /var/lib/neo4j
2021-01-16 22:02:23.355+0000 INFO [o.n.k.i.DiagnosticsManager] user.timezone = GMT
2021-01-16 22:02:23.355+0000 INFO [o.n.k.i.DiagnosticsManager] file.encoding = UTF-8
2021-01-16 22:02:23.355+0000 INFO [o.n.k.i.DiagnosticsManager] user.name = neo4j
2021-01-16 22:02:23.355+0000 INFO [o.n.k.i.DiagnosticsManager] sun.java.command = org.neo4j.server.CommunityEntryPoint --home-dir=/var/lib/neo4j --config-dir=/var/lib/neo4j/conf
2021-01-16 22:02:23.356+0000 INFO [o.n.k.i.DiagnosticsManager] sun.arch.data.model = 64
2021-01-16 22:02:23.356+0000 INFO [o.n.k.i.DiagnosticsManager] user.language = en
2021-01-16 22:02:23.356+0000 INFO [o.n.k.i.DiagnosticsManager] awt.toolkit = sun.awt.X11.XToolkit
2021-01-16 22:02:23.356+0000 INFO [o.n.k.i.DiagnosticsManager] jdk.tls.ephemeralDHKeySize = 2048
2021-01-16 22:02:23.356+0000 INFO [o.n.k.i.DiagnosticsManager] file.separator = /
2021-01-16 22:02:23.356+0000 INFO [o.n.k.i.DiagnosticsManager] sun.io.unicode.encoding = UnicodeLittle
2021-01-16 22:02:23.356+0000 INFO [o.n.k.i.DiagnosticsManager] sun.cpu.endian = little
2021-01-16 22:02:23.356+0000 INFO [o.n.k.i.DiagnosticsManager] sun.cpu.isalist = 
2021-01-16 22:02:23.356+0000 INFO [o.n.k.i.DiagnosticsManager] (IANA) TimeZone Database Version:
2021-01-16 22:02:23.379+0000 INFO [o.n.k.i.DiagnosticsManager]   TimeZone version: 2018g (available for 599 zone identifiers)
2021-01-16 22:02:23.379+0000 INFO [o.n.k.i.DiagnosticsManager] Linux scheduler information:
2021-01-16 22:02:23.387+0000 INFO [o.n.k.i.DiagnosticsManager] [none] 
2021-01-16 22:02:23.387+0000 INFO [o.n.k.i.DiagnosticsManager] none
2021-01-16 22:02:23.387+0000 INFO [o.n.k.i.DiagnosticsManager] none
2021-01-16 22:02:23.388+0000 INFO [o.n.k.i.DiagnosticsManager] [noop] 
2021-01-16 22:02:23.388+0000 INFO [o.n.k.i.DiagnosticsManager] none
2021-01-16 22:02:23.388+0000 INFO [o.n.k.i.DiagnosticsManager] [none] 
2021-01-16 22:02:23.388+0000 INFO [o.n.k.i.DiagnosticsManager] none
2021-01-16 22:02:23.388+0000 INFO [o.n.k.i.DiagnosticsManager] none
2021-01-16 22:02:23.388+0000 INFO [o.n.k.i.DiagnosticsManager] [none] 
2021-01-16 22:02:23.389+0000 INFO [o.n.k.i.DiagnosticsManager] none
2021-01-16 22:02:23.389+0000 INFO [o.n.k.i.DiagnosticsManager] none
2021-01-16 22:02:23.389+0000 INFO [o.n.k.i.DiagnosticsManager] [none] 
2021-01-16 22:02:23.389+0000 INFO [o.n.k.i.DiagnosticsManager] none
2021-01-16 22:02:23.389+0000 INFO [o.n.k.i.DiagnosticsManager] none
2021-01-16 22:02:23.389+0000 INFO [o.n.k.i.DiagnosticsManager] [none] 
2021-01-16 22:02:23.389+0000 INFO [o.n.k.i.DiagnosticsManager] none
2021-01-16 22:02:23.390+0000 INFO [o.n.k.i.DiagnosticsManager] [noop] 
2021-01-16 22:02:23.390+0000 INFO [o.n.k.i.DiagnosticsManager] [none] 
2021-01-16 22:02:23.390+0000 INFO [o.n.k.i.DiagnosticsManager] none
2021-01-16 22:02:23.390+0000 INFO [o.n.k.i.DiagnosticsManager] [noop] 
2021-01-16 22:02:23.390+0000 INFO [o.n.k.i.DiagnosticsManager] none
2021-01-16 22:02:23.391+0000 INFO [o.n.k.i.DiagnosticsManager] [none] 
2021-01-16 22:02:23.391+0000 INFO [o.n.k.i.DiagnosticsManager] none
2021-01-16 22:02:23.391+0000 INFO [o.n.k.i.DiagnosticsManager] none
2021-01-16 22:02:23.391+0000 INFO [o.n.k.i.DiagnosticsManager] [none] 
2021-01-16 22:02:23.391+0000 INFO [o.n.k.i.DiagnosticsManager] none
2021-01-16 22:02:23.392+0000 INFO [o.n.k.i.DiagnosticsManager] none
2021-01-16 22:02:23.392+0000 INFO [o.n.k.i.DiagnosticsManager] Network information:
2021-01-16 22:02:23.393+0000 INFO [o.n.k.i.DiagnosticsManager] Interface eth0:
2021-01-16 22:02:23.393+0000 INFO [o.n.k.i.DiagnosticsManager]     address: 192.168.0.3
2021-01-16 22:02:23.393+0000 INFO [o.n.k.i.DiagnosticsManager] Interface lo:
2021-01-16 22:02:23.393+0000 INFO [o.n.k.i.DiagnosticsManager]     address: 127.0.0.1
2021-01-16 22:02:23.393+0000 INFO [o.n.k.i.DiagnosticsManager] --- INITIALIZED diagnostics END ---
2021-01-16 22:02:23.845+0000 INFO [o.n.b.BoltKernelExtension] Bolt Server extension loaded.
2021-01-16 22:02:23.988+0000 INFO [o.n.k.i.s.f.RecordFormatSelector] Selected format 'RecordFormat:StandardV3_4[v0.A.9]' for the new store
2021-01-16 22:02:24.684+0000 INFO [o.n.k.i.i.l.NativeLabelScanStore] No label index found, this might just be first use. Preparing to rebuild.
2021-01-16 22:02:24.716+0000 INFO [o.n.k.NeoStoreDataSource] Rotated to transaction log [/var/lib/neo4j/data/databases/graph.db/neostore.transaction.db.0] version=0, last transaction in previous log=1
2021-01-16 22:02:24.718+0000 INFO [o.n.k.NeoStoreDataSource] No commits found after last check point (which is at <no log position given>)
2021-01-16 22:02:24.723+0000 WARN [o.n.k.i.s.MetaDataStore] Missing counts store, rebuilding it.
2021-01-16 22:02:24.791+0000 WARN [o.n.k.i.s.MetaDataStore] Counts store rebuild completed.
2021-01-16 22:02:24.811+0000 INFO [o.n.k.i.i.l.NativeLabelScanStore] Rebuilding label index, this may take a while
2021-01-16 22:02:24.818+0000 INFO [o.n.k.i.i.l.NativeLabelScanStore] Label index rebuilt (roughly 0 nodes)
2021-01-16 22:02:24.832+0000 INFO [o.n.k.i.DatabaseHealth] Database health set to OK
2021-01-16 22:02:25.056+0000 INFO [o.n.b.BoltKernelExtension] Bolt enabled on 0.0.0.0:7687.
2021-01-16 22:02:25.085+0000 INFO [o.n.k.AvailabilityGuard] Fulfilling of requirement makes database available: Database available
2021-01-16 22:02:25.086+0000 INFO [o.n.k.i.f.GraphDatabaseFacadeFactory] Database is now ready
2021-01-16 22:02:25.088+0000 INFO [o.n.k.i.DiagnosticsManager] --- STARTED diagnostics for KernelDiagnostics:Versions START ---
2021-01-16 22:02:25.089+0000 INFO [o.n.k.i.DiagnosticsManager] Graph Database: community single StoreId{creationTime=1610834544585, randomId=4914412784983310735, storeVersion=16094931155187206, upgradeTime=1610834544585, upgradeId=1}
2021-01-16 22:02:25.089+0000 INFO [o.n.k.i.DiagnosticsManager] Kernel version: 3.4.9,07b351edac667f6381c0e11250a9961a9972fa3a
2021-01-16 22:02:25.090+0000 INFO [o.n.k.i.DiagnosticsManager] --- STARTED diagnostics for KernelDiagnostics:Versions END ---
2021-01-16 22:02:25.092+0000 INFO [o.n.k.i.DiagnosticsManager] --- STARTED diagnostics for NEO_STORE_VERSIONS START ---
2021-01-16 22:02:25.093+0000 INFO [o.n.k.i.DiagnosticsManager] Store versions:
2021-01-16 22:02:25.094+0000 INFO [o.n.k.i.DiagnosticsManager] Store versions:
2021-01-16 22:02:25.095+0000 INFO [o.n.k.i.DiagnosticsManager]   ArrayPropertyStore v0.A.9
2021-01-16 22:02:25.095+0000 INFO [o.n.k.i.DiagnosticsManager]   NodeStore v0.A.9
2021-01-16 22:02:25.096+0000 INFO [o.n.k.i.DiagnosticsManager]   StringPropertyStore v0.A.9
2021-01-16 22:02:25.097+0000 INFO [o.n.k.i.DiagnosticsManager]   PropertyIndexStore v0.A.9
2021-01-16 22:02:25.098+0000 INFO [o.n.k.i.DiagnosticsManager]   StringPropertyStore v0.A.9
2021-01-16 22:02:25.098+0000 INFO [o.n.k.i.DiagnosticsManager]   ArrayPropertyStore v0.A.9
2021-01-16 22:02:25.099+0000 INFO [o.n.k.i.DiagnosticsManager]   PropertyStore v0.A.9
2021-01-16 22:02:25.100+0000 INFO [o.n.k.i.DiagnosticsManager]   RelationshipStore v0.A.9
2021-01-16 22:02:25.101+0000 INFO [o.n.k.i.DiagnosticsManager]   StringPropertyStore v0.A.9
2021-01-16 22:02:25.101+0000 INFO [o.n.k.i.DiagnosticsManager]   RelationshipTypeStore v0.A.9
2021-01-16 22:02:25.102+0000 INFO [o.n.k.i.DiagnosticsManager]   StringPropertyStore v0.A.9
2021-01-16 22:02:25.103+0000 INFO [o.n.k.i.DiagnosticsManager]   LabelTokenStore v0.A.9
2021-01-16 22:02:25.104+0000 INFO [o.n.k.i.DiagnosticsManager]   SchemaStore v0.A.9
2021-01-16 22:02:25.104+0000 INFO [o.n.k.i.DiagnosticsManager]   RelationshipGroupStore v0.A.9
2021-01-16 22:02:25.105+0000 INFO [o.n.k.i.DiagnosticsManager]   NeoStore v0.A.9
2021-01-16 22:02:25.106+0000 INFO [o.n.k.i.DiagnosticsManager] --- STARTED diagnostics for NEO_STORE_VERSIONS END ---
2021-01-16 22:02:25.107+0000 INFO [o.n.k.i.DiagnosticsManager] --- STARTED diagnostics for NEO_STORE_ID_USAGE START ---
2021-01-16 22:02:25.108+0000 INFO [o.n.k.i.DiagnosticsManager] Id usage:
2021-01-16 22:02:25.109+0000 INFO [o.n.k.i.DiagnosticsManager] Id usage:
2021-01-16 22:02:25.110+0000 INFO [o.n.k.i.DiagnosticsManager]   ArrayPropertyStore: used=1 high=0
2021-01-16 22:02:25.111+0000 INFO [o.n.k.i.DiagnosticsManager]   NodeStore: used=0 high=-1
2021-01-16 22:02:25.112+0000 INFO [o.n.k.i.DiagnosticsManager]   StringPropertyStore: used=1 high=0
2021-01-16 22:02:25.112+0000 INFO [o.n.k.i.DiagnosticsManager]   PropertyIndexStore: used=0 high=-1
2021-01-16 22:02:25.113+0000 INFO [o.n.k.i.DiagnosticsManager]   StringPropertyStore: used=1 high=0
2021-01-16 22:02:25.114+0000 INFO [o.n.k.i.DiagnosticsManager]   ArrayPropertyStore: used=1 high=0
2021-01-16 22:02:25.115+0000 INFO [o.n.k.i.DiagnosticsManager]   PropertyStore: used=0 high=-1
2021-01-16 22:02:25.116+0000 INFO [o.n.k.i.DiagnosticsManager]   RelationshipStore: used=0 high=-1
2021-01-16 22:02:25.117+0000 INFO [o.n.k.i.DiagnosticsManager]   StringPropertyStore: used=1 high=0
2021-01-16 22:02:25.117+0000 INFO [o.n.k.i.DiagnosticsManager]   RelationshipTypeStore: used=0 high=-1
2021-01-16 22:02:25.118+0000 INFO [o.n.k.i.DiagnosticsManager]   StringPropertyStore: used=1 high=0
2021-01-16 22:02:25.119+0000 INFO [o.n.k.i.DiagnosticsManager]   LabelTokenStore: used=0 high=-1
2021-01-16 22:02:25.119+0000 INFO [o.n.k.i.DiagnosticsManager]   SchemaStore: used=1 high=0
2021-01-16 22:02:25.120+0000 INFO [o.n.k.i.DiagnosticsManager]   RelationshipGroupStore: used=1 high=0
2021-01-16 22:02:25.121+0000 INFO [o.n.k.i.DiagnosticsManager]   NeoStore: used=15 high=14
2021-01-16 22:02:25.121+0000 INFO [o.n.k.i.DiagnosticsManager] --- STARTED diagnostics for NEO_STORE_ID_USAGE END ---
2021-01-16 22:02:25.122+0000 INFO [o.n.k.i.DiagnosticsManager] --- STARTED diagnostics for NEO_STORE_RECORDS START ---
2021-01-16 22:02:25.123+0000 INFO [o.n.k.i.DiagnosticsManager] Neostore records:
2021-01-16 22:02:25.124+0000 INFO [o.n.k.i.DiagnosticsManager] TIME (Creation time): 1610834544585
2021-01-16 22:02:25.125+0000 INFO [o.n.k.i.DiagnosticsManager] RANDOM_NUMBER (Random number for store id): 4914412784983310735
2021-01-16 22:02:25.126+0000 INFO [o.n.k.i.DiagnosticsManager] LOG_VERSION (Current log version): 0
2021-01-16 22:02:25.126+0000 INFO [o.n.k.i.DiagnosticsManager] LAST_TRANSACTION_ID (Last committed transaction): 1
2021-01-16 22:02:25.127+0000 INFO [o.n.k.i.DiagnosticsManager] STORE_VERSION (Store format version): 16094931155187206
2021-01-16 22:02:25.128+0000 INFO [o.n.k.i.DiagnosticsManager] FIRST_GRAPH_PROPERTY (First property record containing graph properties): -1
2021-01-16 22:02:25.129+0000 INFO [o.n.k.i.DiagnosticsManager] LAST_CONSTRAINT_TRANSACTION (Last committed transaction containing constraint changes): 0
2021-01-16 22:02:25.129+0000 INFO [o.n.k.i.DiagnosticsManager] UPGRADE_TRANSACTION_ID (Transaction id most recent upgrade was performed at): 1
2021-01-16 22:02:25.130+0000 INFO [o.n.k.i.DiagnosticsManager] UPGRADE_TIME (Time of last upgrade): 1610834544585
2021-01-16 22:02:25.131+0000 INFO [o.n.k.i.DiagnosticsManager] LAST_TRANSACTION_CHECKSUM (Checksum of last committed transaction): 0
2021-01-16 22:02:25.131+0000 INFO [o.n.k.i.DiagnosticsManager] UPGRADE_TRANSACTION_CHECKSUM (Checksum of transaction id the most recent upgrade was performed at): 0
2021-01-16 22:02:25.132+0000 INFO [o.n.k.i.DiagnosticsManager] LAST_CLOSED_TRANSACTION_LOG_VERSION (Log version where the last transaction commit entry has been written into): 0
2021-01-16 22:02:25.133+0000 INFO [o.n.k.i.DiagnosticsManager] LAST_CLOSED_TRANSACTION_LOG_BYTE_OFFSET (Byte offset in the log file where the last transaction commit entry has been written into): 16
2021-01-16 22:02:25.134+0000 INFO [o.n.k.i.DiagnosticsManager] LAST_TRANSACTION_COMMIT_TIMESTAMP (Commit time timestamp for last committed transaction): 0
2021-01-16 22:02:25.134+0000 INFO [o.n.k.i.DiagnosticsManager] UPGRADE_TRANSACTION_COMMIT_TIMESTAMP (Commit timestamp of transaction the most recent upgrade was performed at): 0
2021-01-16 22:02:25.135+0000 INFO [o.n.k.i.DiagnosticsManager] --- STARTED diagnostics for NEO_STORE_RECORDS END ---
2021-01-16 22:02:25.136+0000 INFO [o.n.k.i.DiagnosticsManager] --- STARTED diagnostics for TRANSACTION_RANGE START ---
2021-01-16 22:02:25.137+0000 INFO [o.n.k.i.DiagnosticsManager] Transaction log:
2021-01-16 22:02:25.139+0000 INFO [o.n.k.i.DiagnosticsManager] No transactions found in any log
2021-01-16 22:02:25.140+0000 INFO [o.n.k.i.DiagnosticsManager] --- STARTED diagnostics for TRANSACTION_RANGE END ---
2021-01-16 22:02:25.141+0000 INFO [o.n.k.i.DiagnosticsManager] --- STARTED diagnostics for KernelDiagnostics:StoreFiles START ---
2021-01-16 22:02:25.142+0000 INFO [o.n.k.i.DiagnosticsManager] Disk space on partition (Total / Free / Free %): 1023614644224 / 101187264512 / 9
2021-01-16 22:02:25.143+0000 INFO [o.n.k.i.DiagnosticsManager] Storage files: (filename : modification date - size)
2021-01-16 22:02:25.146+0000 INFO [o.n.k.i.DiagnosticsManager]   index:
2021-01-16 22:02:25.149+0000 INFO [o.n.k.i.DiagnosticsManager]   - Total: 2021-01-16T22:02:25+0000 - 0.00 B
2021-01-16 22:02:25.151+0000 INFO [o.n.k.i.DiagnosticsManager]   neostore: 2021-01-16T22:02:25+0000 - 8.00 kB
2021-01-16 22:02:25.152+0000 INFO [o.n.k.i.DiagnosticsManager]   neostore.counts.db.a: 2021-01-16T22:02:25+0000 - 96.00 B
2021-01-16 22:02:25.153+0000 INFO [o.n.k.i.DiagnosticsManager]   neostore.id: 2021-01-16T22:02:25+0000 - 9.00 B
2021-01-16 22:02:25.155+0000 INFO [o.n.k.i.DiagnosticsManager]   neostore.labelscanstore.db: 2021-01-16T22:02:25+0000 - 40.00 kB
2021-01-16 22:02:25.156+0000 INFO [o.n.k.i.DiagnosticsManager]   neostore.labeltokenstore.db: 2021-01-16T22:02:25+0000 - 0.00 B
2021-01-16 22:02:25.157+0000 INFO [o.n.k.i.DiagnosticsManager]   neostore.labeltokenstore.db.id: 2021-01-16T22:02:25+0000 - 9.00 B
2021-01-16 22:02:25.159+0000 INFO [o.n.k.i.DiagnosticsManager]   neostore.labeltokenstore.db.names: 2021-01-16T22:02:25+0000 - 8.00 kB
2021-01-16 22:02:25.160+0000 INFO [o.n.k.i.DiagnosticsManager]   neostore.labeltokenstore.db.names.id: 2021-01-16T22:02:25+0000 - 9.00 B
2021-01-16 22:02:25.162+0000 INFO [o.n.k.i.DiagnosticsManager]   neostore.nodestore.db: 2021-01-16T22:02:24+0000 - 0.00 B
2021-01-16 22:02:25.163+0000 INFO [o.n.k.i.DiagnosticsManager]   neostore.nodestore.db.id: 2021-01-16T22:02:24+0000 - 9.00 B
2021-01-16 22:02:25.164+0000 INFO [o.n.k.i.DiagnosticsManager]   neostore.nodestore.db.labels: 2021-01-16T22:02:24+0000 - 8.00 kB
2021-01-16 22:02:25.166+0000 INFO [o.n.k.i.DiagnosticsManager]   neostore.nodestore.db.labels.id: 2021-01-16T22:02:24+0000 - 9.00 B
2021-01-16 22:02:25.167+0000 INFO [o.n.k.i.DiagnosticsManager]   neostore.propertystore.db: 2021-01-16T22:02:24+0000 - 0.00 B
2021-01-16 22:02:25.169+0000 INFO [o.n.k.i.DiagnosticsManager]   neostore.propertystore.db.arrays: 2021-01-16T22:02:24+0000 - 8.00 kB
2021-01-16 22:02:25.170+0000 INFO [o.n.k.i.DiagnosticsManager]   neostore.propertystore.db.arrays.id: 2021-01-16T22:02:24+0000 - 9.00 B
2021-01-16 22:02:25.171+0000 INFO [o.n.k.i.DiagnosticsManager]   neostore.propertystore.db.id: 2021-01-16T22:02:24+0000 - 9.00 B
2021-01-16 22:02:25.173+0000 INFO [o.n.k.i.DiagnosticsManager]   neostore.propertystore.db.index: 2021-01-16T22:02:24+0000 - 0.00 B
2021-01-16 22:02:25.174+0000 INFO [o.n.k.i.DiagnosticsManager]   neostore.propertystore.db.index.id: 2021-01-16T22:02:24+0000 - 9.00 B
2021-01-16 22:02:25.175+0000 INFO [o.n.k.i.DiagnosticsManager]   neostore.propertystore.db.index.keys: 2021-01-16T22:02:24+0000 - 8.00 kB
2021-01-16 22:02:25.177+0000 INFO [o.n.k.i.DiagnosticsManager]   neostore.propertystore.db.index.keys.id: 2021-01-16T22:02:24+0000 - 9.00 B
2021-01-16 22:02:25.178+0000 INFO [o.n.k.i.DiagnosticsManager]   neostore.propertystore.db.strings: 2021-01-16T22:02:24+0000 - 8.00 kB
2021-01-16 22:02:25.179+0000 INFO [o.n.k.i.DiagnosticsManager]   neostore.propertystore.db.strings.id: 2021-01-16T22:02:24+0000 - 9.00 B
2021-01-16 22:02:25.181+0000 INFO [o.n.k.i.DiagnosticsManager]   neostore.relationshipgroupstore.db: 2021-01-16T22:02:25+0000 - 8.00 kB
2021-01-16 22:02:25.182+0000 INFO [o.n.k.i.DiagnosticsManager]   neostore.relationshipgroupstore.db.id: 2021-01-16T22:02:25+0000 - 9.00 B
2021-01-16 22:02:25.184+0000 INFO [o.n.k.i.DiagnosticsManager]   neostore.relationshipstore.db: 2021-01-16T22:02:24+0000 - 0.00 B
2021-01-16 22:02:25.185+0000 INFO [o.n.k.i.DiagnosticsManager]   neostore.relationshipstore.db.id: 2021-01-16T22:02:24+0000 - 9.00 B
2021-01-16 22:02:25.187+0000 INFO [o.n.k.i.DiagnosticsManager]   neostore.relationshiptypestore.db: 2021-01-16T22:02:24+0000 - 0.00 B
2021-01-16 22:02:25.188+0000 INFO [o.n.k.i.DiagnosticsManager]   neostore.relationshiptypestore.db.id: 2021-01-16T22:02:24+0000 - 9.00 B
2021-01-16 22:02:25.189+0000 INFO [o.n.k.i.DiagnosticsManager]   neostore.relationshiptypestore.db.names: 2021-01-16T22:02:24+0000 - 8.00 kB
2021-01-16 22:02:25.191+0000 INFO [o.n.k.i.DiagnosticsManager]   neostore.relationshiptypestore.db.names.id: 2021-01-16T22:02:24+0000 - 9.00 B
2021-01-16 22:02:25.193+0000 INFO [o.n.k.i.DiagnosticsManager]   neostore.schemastore.db: 2021-01-16T22:02:25+0000 - 8.00 kB
2021-01-16 22:02:25.194+0000 INFO [o.n.k.i.DiagnosticsManager]   neostore.schemastore.db.id: 2021-01-16T22:02:25+0000 - 9.00 B
2021-01-16 22:02:25.195+0000 INFO [o.n.k.i.DiagnosticsManager]   neostore.transaction.db.0: 2021-01-16T22:02:25+0000 - 16.00 B
2021-01-16 22:02:25.197+0000 INFO [o.n.k.i.DiagnosticsManager]   store_lock: 2021-01-16T22:02:24+0000 - 0.00 B
2021-01-16 22:02:25.198+0000 INFO [o.n.k.i.DiagnosticsManager] Storage summary: 
2021-01-16 22:02:25.199+0000 INFO [o.n.k.i.DiagnosticsManager]   Total size of store: 112.24 kB
2021-01-16 22:02:25.200+0000 INFO [o.n.k.i.DiagnosticsManager]   Total size of mapped files: 112.00 kB
2021-01-16 22:02:25.200+0000 INFO [o.n.k.i.DiagnosticsManager] --- STARTED diagnostics for KernelDiagnostics:StoreFiles END ---
2021-01-16 22:02:26.666+0000 INFO [o.n.k.i.DiagnosticsManager] --- SERVER STARTED START ---
2021-01-16 22:02:27.351+0000 INFO [o.n.k.i.DiagnosticsManager] --- SERVER STARTED END ---
2021-01-16 22:02:33.168+0000 INFO [o.n.k.i.a.i.IndexPopulationJob] Index population started: [:L_AUTHOR(strip_author) [provider: {key=lucene+native, version=2.0}]]
2021-01-16 22:02:33.175+0000 INFO [o.n.k.i.a.i.IndexPopulationJob] Index population started: [:L_AUTHOR_WIKI(strip_author) [provider: {key=lucene+native, version=2.0}]]
2021-01-16 22:02:33.183+0000 INFO [o.n.k.i.a.i.IndexPopulationJob] Index population started: [:L_BOOK(under_title) [provider: {key=lucene+native, version=2.0}]]
2021-01-16 22:02:33.189+0000 INFO [o.n.k.i.a.i.IndexPopulationJob] Index population started: [:L_BOOK(last_first_underscores) [provider: {key=lucene+native, version=2.0}]]
2021-01-16 22:02:33.196+0000 INFO [o.n.k.i.a.i.IndexPopulationJob] Index population started: [:L_PODCAST(under_title) [provider: {key=lucene+native, version=2.0}]]
2021-01-16 22:02:33.202+0000 INFO [o.n.k.i.a.i.IndexPopulationJob] Index population started: [:L_PDF(under_title) [provider: {key=lucene+native, version=2.0}]]
2021-01-16 22:02:33.210+0000 INFO [o.n.k.i.a.i.IndexPopulationJob] Index population started: [:L_RSD(under_title) [provider: {key=lucene+native, version=2.0}]]
2021-01-16 22:02:33.218+0000 INFO [o.n.k.i.a.i.IndexPopulationJob] Index population started: [:L_AUTHOR_POST(under_title) [provider: {key=lucene+native, version=2.0}]]
2021-01-16 22:02:33.624+0000 INFO [o.n.k.i.a.i.IndexPopulationJob] Completed node store scan. Flushing all pending updates.
BatchingMultipleIndexPopulator{activeTasks=0, executor=java.util.concurrent.ThreadPoolExecutor@1ebd1591[Running, pool size = 1, active threads = 0, queued tasks = 0, completed tasks = 1], batchedUpdates = [0 updates], queuedUpdates = 0}
2021-01-16 22:02:33.625+0000 INFO [o.n.k.i.a.i.IndexPopulationJob] Completed node store scan. Flushing all pending updates.
BatchingMultipleIndexPopulator{activeTasks=0, executor=java.util.concurrent.ThreadPoolExecutor@d601b23[Running, pool size = 1, active threads = 0, queued tasks = 0, completed tasks = 1], batchedUpdates = [0 updates], queuedUpdates = 0}
2021-01-16 22:02:33.625+0000 INFO [o.n.k.i.a.i.IndexPopulationJob] Completed node store scan. Flushing all pending updates.
BatchingMultipleIndexPopulator{activeTasks=0, executor=java.util.concurrent.ThreadPoolExecutor@6051b46e[Running, pool size = 1, active threads = 0, queued tasks = 0, completed tasks = 1], batchedUpdates = [0 updates], queuedUpdates = 0}
2021-01-16 22:02:33.626+0000 INFO [o.n.k.i.a.i.IndexPopulationJob] Completed node store scan. Flushing all pending updates.
BatchingMultipleIndexPopulator{activeTasks=0, executor=java.util.concurrent.ThreadPoolExecutor@4ab45f28[Running, pool size = 1, active threads = 0, queued tasks = 0, completed tasks = 1], batchedUpdates = [0 updates], queuedUpdates = 0}
2021-01-16 22:02:33.627+0000 INFO [o.n.k.i.a.i.IndexPopulationJob] Completed node store scan. Flushing all pending updates.
BatchingMultipleIndexPopulator{activeTasks=0, executor=java.util.concurrent.ThreadPoolExecutor@62571a4c[Running, pool size = 1, active threads = 0, queued tasks = 0, completed tasks = 1], batchedUpdates = [0 updates], queuedUpdates = 0}
2021-01-16 22:02:33.628+0000 INFO [o.n.k.i.a.i.IndexPopulationJob] Completed node store scan. Flushing all pending updates.
BatchingMultipleIndexPopulator{activeTasks=0, executor=java.util.concurrent.ThreadPoolExecutor@7b97e749[Running, pool size = 1, active threads = 0, queued tasks = 0, completed tasks = 1], batchedUpdates = [0 updates], queuedUpdates = 0}
2021-01-16 22:02:33.628+0000 INFO [o.n.k.i.a.i.IndexPopulationJob] Shutting down executor.
BatchingMultipleIndexPopulator{activeTasks=1, executor=java.util.concurrent.ThreadPoolExecutor@62571a4c[Running, pool size = 2, active threads = 1, queued tasks = 0, completed tasks = 1], batchedUpdates = [0 updates], queuedUpdates = 0}
2021-01-16 22:02:33.629+0000 INFO [o.n.k.i.a.i.IndexPopulationJob] Shutting down executor.
BatchingMultipleIndexPopulator{activeTasks=1, executor=java.util.concurrent.ThreadPoolExecutor@4ab45f28[Running, pool size = 2, active threads = 1, queued tasks = 0, completed tasks = 1], batchedUpdates = [0 updates], queuedUpdates = 0}
2021-01-16 22:02:33.630+0000 INFO [o.n.k.i.a.i.IndexPopulationJob] Shutting down executor.
BatchingMultipleIndexPopulator{activeTasks=1, executor=java.util.concurrent.ThreadPoolExecutor@6051b46e[Running, pool size = 2, active threads = 1, queued tasks = 0, completed tasks = 1], batchedUpdates = [0 updates], queuedUpdates = 0}
2021-01-16 22:02:33.632+0000 INFO [o.n.k.i.a.i.IndexPopulationJob] Shutting down executor.
BatchingMultipleIndexPopulator{activeTasks=1, executor=java.util.concurrent.ThreadPoolExecutor@d601b23[Running, pool size = 2, active threads = 1, queued tasks = 0, completed tasks = 1], batchedUpdates = [0 updates], queuedUpdates = 0}
2021-01-16 22:02:33.634+0000 INFO [o.n.k.i.a.i.IndexPopulationJob] Shutting down executor.
BatchingMultipleIndexPopulator{activeTasks=1, executor=java.util.concurrent.ThreadPoolExecutor@1ebd1591[Running, pool size = 2, active threads = 1, queued tasks = 0, completed tasks = 1], batchedUpdates = [0 updates], queuedUpdates = 0}
2021-01-16 22:02:33.635+0000 INFO [o.n.k.i.a.i.IndexPopulationJob] Shutting down executor.
BatchingMultipleIndexPopulator{activeTasks=1, executor=java.util.concurrent.ThreadPoolExecutor@7b97e749[Running, pool size = 2, active threads = 1, queued tasks = 0, completed tasks = 1], batchedUpdates = [0 updates], queuedUpdates = 0}
2021-01-16 22:02:33.668+0000 INFO [o.n.k.i.a.i.IndexPopulationJob] Completed node store scan. Flushing all pending updates.
BatchingMultipleIndexPopulator{activeTasks=1, executor=java.util.concurrent.ThreadPoolExecutor@3231dc70[Running, pool size = 1, active threads = 1, queued tasks = 0, completed tasks = 0], batchedUpdates = [0 updates], queuedUpdates = 0}
2021-01-16 22:02:33.670+0000 INFO [o.n.k.i.a.i.IndexPopulationJob] Shutting down executor.
BatchingMultipleIndexPopulator{activeTasks=1, executor=java.util.concurrent.ThreadPoolExecutor@3231dc70[Running, pool size = 2, active threads = 1, queued tasks = 0, completed tasks = 1], batchedUpdates = [0 updates], queuedUpdates = 0}
2021-01-16 22:02:33.681+0000 INFO [o.n.k.i.a.i.IndexPopulationJob] Completed node store scan. Flushing all pending updates.
BatchingMultipleIndexPopulator{activeTasks=1, executor=java.util.concurrent.ThreadPoolExecutor@6c5df8e6[Running, pool size = 1, active threads = 1, queued tasks = 0, completed tasks = 0], batchedUpdates = [0 updates], queuedUpdates = 0}
2021-01-16 22:02:33.682+0000 INFO [o.n.k.i.a.i.IndexPopulationJob] Shutting down executor.
BatchingMultipleIndexPopulator{activeTasks=1, executor=java.util.concurrent.ThreadPoolExecutor@6c5df8e6[Running, pool size = 2, active threads = 1, queued tasks = 0, completed tasks = 1], batchedUpdates = [0 updates], queuedUpdates = 0}
2021-01-16 22:02:34.200+0000 INFO [o.n.k.i.a.i.IndexPopulationJob] Index creation finished. Index [:L_BOOK(under_title) [provider: {key=lucene+native, version=2.0}]] is ONLINE.
2021-01-16 22:02:34.216+0000 INFO [o.n.k.i.a.i.IndexPopulationJob] Index creation finished. Index [:L_AUTHOR_WIKI(strip_author) [provider: {key=lucene+native, version=2.0}]] is ONLINE.
2021-01-16 22:02:34.225+0000 INFO [o.n.k.i.a.i.IndexPopulationJob] Index creation finished. Index [:L_PODCAST(under_title) [provider: {key=lucene+native, version=2.0}]] is ONLINE.
2021-01-16 22:02:34.249+0000 INFO [o.n.k.i.a.i.IndexPopulationJob] Index creation finished. Index [:L_PDF(under_title) [provider: {key=lucene+native, version=2.0}]] is ONLINE.
2021-01-16 22:02:34.293+0000 INFO [o.n.k.i.a.i.IndexPopulationJob] Index creation finished. Index [:L_AUTHOR(strip_author) [provider: {key=lucene+native, version=2.0}]] is ONLINE.
2021-01-16 22:02:34.321+0000 INFO [o.n.k.i.a.i.IndexPopulationJob] Index creation finished. Index [:L_AUTHOR_POST(under_title) [provider: {key=lucene+native, version=2.0}]] is ONLINE.
2021-01-16 22:02:34.332+0000 INFO [o.n.k.i.a.i.IndexPopulationJob] Index creation finished. Index [:L_RSD(under_title) [provider: {key=lucene+native, version=2.0}]] is ONLINE.
2021-01-16 22:02:34.341+0000 INFO [o.n.k.i.a.i.IndexPopulationJob] Index creation finished. Index [:L_BOOK(last_first_underscores) [provider: {key=lucene+native, version=2.0}]] is ONLINE.
2021-01-16 22:02:56.303+0000 INFO [o.n.k.i.f.GraphDatabaseFacadeFactory] Shutdown started
2021-01-16 22:02:56.304+0000 INFO [o.n.k.i.f.GraphDatabaseFacadeFactory] Database is now unavailable
2021-01-16 22:02:56.314+0000 INFO [o.n.k.i.t.l.c.CheckPointerImpl] Checkpoint triggered by database shutdown @ txId: 97 checkpoint started...
2021-01-16 22:02:56.536+0000 INFO [o.n.k.i.s.c.CountsTracker] Rotated counts store at transaction 97 to [/var/lib/neo4j/data/databases/graph.db/neostore.counts.db.b], from [/var/lib/neo4j/data/databases/graph.db/neostore.counts.db.a].
2021-01-16 22:02:56.556+0000 INFO [o.n.k.i.t.l.c.CheckPointerImpl] Checkpoint triggered by database shutdown @ txId: 97 checkpoint completed in 240ms
2021-01-16 22:02:56.557+0000 INFO [o.n.k.i.t.l.p.LogPruningImpl] No log version pruned, last checkpoint was made in version 0
2021-01-16 22:02:56.989+0000 INFO [o.n.k.i.DiagnosticsManager] --- STOPPING diagnostics START ---
2021-01-16 22:02:56.989+0000 INFO [o.n.k.i.DiagnosticsManager] --- STOPPING diagnostics END ---
